<?xml version="1.0" encoding="UTF-8"?>
<!-- Generated by org.testng.reporters.JUnitXMLReporter -->
<testsuite ignored="2" hostname="DESKTOP-LFP0NHK" failures="0" tests="2" name="Test" time="17.37" errors="0" timestamp="2025-10-06T11:00:32 IST">
  <testcase classname="test_supermarket.LoginTest" name="verifyValidcredentials" time="3.025"/>
  <testcase classname="test_supermarket.LoginTest" name="verifyCorrectUsernameIncorrectpassword" time="0.982"/>
  <testcase classname="test_supermarket.LoginTest" name="verifyIncorrectUsernameCorrectpassword" time="0.0">
    <ignored/>
  </testcase> <!-- verifyIncorrectUsernameCorrectpassword -->
  <testcase classname="test_supermarket.LoginTest" name="verifyIncorrectusernameAndIncorrectPassword" time="0.0">
    <ignored/>
  </testcase> <!-- verifyIncorrectusernameAndIncorrectPassword -->
</testsuite> <!-- Test -->
